mode: set
github.com/andersfylling/disgord/presence.go:13.30,15.2 1 0
github.com/andersfylling/disgord/presence.go:17.42,20.2 0 0
github.com/andersfylling/disgord/presence.go:22.36,24.2 1 0
github.com/andersfylling/disgord/user.go:21.22,23.2 1 0
github.com/andersfylling/disgord/user.go:25.33,27.2 1 0
github.com/andersfylling/disgord/user.go:29.41,31.2 1 0
github.com/andersfylling/disgord/role.go:16.22,18.2 1 0
github.com/andersfylling/disgord/disgord.go:15.37,22.2 2 0
github.com/andersfylling/disgord/disgord.go:25.36,27.16 2 0
github.com/andersfylling/disgord/disgord.go:31.2,31.11 1 0
github.com/andersfylling/disgord/disgord.go:27.16,29.3 1 0
github.com/andersfylling/disgord/disgord.go:35.74,38.16 2 0
github.com/andersfylling/disgord/disgord.go:43.2,48.15 2 0
github.com/andersfylling/disgord/disgord.go:38.16,40.3 1 0
github.com/andersfylling/disgord/disgord.go:52.73,54.16 2 0
github.com/andersfylling/disgord/disgord.go:58.2,58.11 1 0
github.com/andersfylling/disgord/disgord.go:54.16,56.3 1 0
github.com/andersfylling/disgord/disgord.go:63.55,65.2 1 0
github.com/andersfylling/disgord/disgord.go:103.35,107.2 3 0
github.com/andersfylling/disgord/disgord.go:110.38,114.2 3 0
github.com/andersfylling/disgord/disgord.go:117.37,122.2 3 0
github.com/andersfylling/disgord/guild.go:53.44,55.2 1 0
github.com/andersfylling/disgord/guild.go:57.51,60.23 3 1
github.com/andersfylling/disgord/guild.go:74.2,74.22 1 1
github.com/andersfylling/disgord/guild.go:60.23,63.17 3 1
github.com/andersfylling/disgord/guild.go:63.17,65.4 1 0
github.com/andersfylling/disgord/guild.go:66.3,69.17 3 1
github.com/andersfylling/disgord/guild.go:69.17,71.4 1 0
github.com/andersfylling/disgord/channel.go:24.28,26.2 1 0
github.com/andersfylling/disgord/channel.go:28.36,30.2 1 0
github.com/andersfylling/disgord/channel.go:32.50,34.2 1 0
github.com/andersfylling/disgord/timestamp.go:25.57,30.2 2 1
github.com/andersfylling/disgord/timestamp.go:32.61,35.16 3 1
github.com/andersfylling/disgord/timestamp.go:39.2,40.12 2 1
github.com/andersfylling/disgord/timestamp.go:35.16,37.3 1 0
github.com/andersfylling/disgord/timestamp.go:44.43,46.2 1 1
github.com/andersfylling/disgord/timestamp.go:49.44,51.2 1 1
