mode: set
github.com/andersfylling/disgord/caching.go:44.61,56.2 3 0
github.com/andersfylling/disgord/caching.go:78.65,79.6 1 0
github.com/andersfylling/disgord/caching.go:79.6,84.10 3 0
github.com/andersfylling/disgord/caching.go:116.3,116.17 1 0
github.com/andersfylling/disgord/caching.go:85.56,86.14 1 0
github.com/andersfylling/disgord/caching.go:89.4,90.33 2 0
github.com/andersfylling/disgord/caching.go:91.56,92.14 1 0
github.com/andersfylling/disgord/caching.go:95.4,96.33 2 0
github.com/andersfylling/disgord/caching.go:97.56,98.14 1 0
github.com/andersfylling/disgord/caching.go:101.4,102.33 2 0
github.com/andersfylling/disgord/caching.go:103.35,104.14 1 0
github.com/andersfylling/disgord/caching.go:107.4,108.21 2 0
github.com/andersfylling/disgord/caching.go:86.14,87.13 1 0
github.com/andersfylling/disgord/caching.go:92.14,93.13 1 0
github.com/andersfylling/disgord/caching.go:98.14,99.13 1 0
github.com/andersfylling/disgord/caching.go:104.14,105.13 1 0
github.com/andersfylling/disgord/caching.go:108.21,110.5 1 0
github.com/andersfylling/disgord/caching.go:110.5,113.5 1 0
github.com/andersfylling/disgord/caching.go:117.29,120.35 2 0
github.com/andersfylling/disgord/caching.go:121.29,121.29 0 0
github.com/andersfylling/disgord/caching.go:123.29,124.48 1 0
github.com/andersfylling/disgord/caching.go:124.48,126.5 1 0
github.com/andersfylling/disgord/caching.go:132.64,133.6 1 0
github.com/andersfylling/disgord/caching.go:133.6,138.10 3 0
github.com/andersfylling/disgord/caching.go:183.3,185.45 3 0
github.com/andersfylling/disgord/caching.go:192.3,192.35 1 0
github.com/andersfylling/disgord/caching.go:196.3,196.25 1 0
github.com/andersfylling/disgord/caching.go:139.55,140.14 1 0
github.com/andersfylling/disgord/caching.go:143.4,144.28 2 0
github.com/andersfylling/disgord/caching.go:145.58,146.14 1 0
github.com/andersfylling/disgord/caching.go:149.4,149.28 1 0
github.com/andersfylling/disgord/caching.go:140.14,141.13 1 0
github.com/andersfylling/disgord/caching.go:146.14,147.13 1 0
github.com/andersfylling/disgord/caching.go:185.45,189.4 2 0
github.com/andersfylling/disgord/caching.go:192.35,194.4 1 0
github.com/andersfylling/disgord/caching.go:200.58,202.2 1 0
github.com/andersfylling/disgord/caching.go:203.59,205.2 1 0
github.com/andersfylling/disgord/caching.go:206.56,208.2 1 0
github.com/andersfylling/disgord/caching.go:211.37,220.2 4 0
github.com/andersfylling/disgord/caching.go:341.66,345.31 3 0
github.com/andersfylling/disgord/caching.go:352.2,352.86 1 0
github.com/andersfylling/disgord/caching.go:345.31,350.3 3 0
github.com/andersfylling/disgord/caching.go:358.46,360.2 1 0
github.com/andersfylling/disgord/client.go:83.47,85.28 1 0
github.com/andersfylling/disgord/client.go:93.2,103.16 2 0
github.com/andersfylling/disgord/client.go:108.2,131.15 5 0
github.com/andersfylling/disgord/client.go:85.28,90.3 1 0
github.com/andersfylling/disgord/client.go:103.16,105.3 1 0
github.com/andersfylling/disgord/client.go:134.49,136.16 2 0
github.com/andersfylling/disgord/client.go:140.2,141.16 2 0
github.com/andersfylling/disgord/client.go:145.2,145.15 1 0
github.com/andersfylling/disgord/client.go:136.16,137.13 1 0
github.com/andersfylling/disgord/client.go:141.16,142.13 1 0
github.com/andersfylling/disgord/client.go:148.48,150.2 1 0
github.com/andersfylling/disgord/client.go:152.50,154.2 1 0
github.com/andersfylling/disgord/client.go:176.34,177.6 1 0
github.com/andersfylling/disgord/client.go:177.6,178.10 1 0
github.com/andersfylling/disgord/client.go:179.40,180.14 1 0
github.com/andersfylling/disgord/client.go:185.4,193.53 4 0
github.com/andersfylling/disgord/client.go:180.14,182.10 2 0
github.com/andersfylling/disgord/client.go:198.38,202.2 1 0
github.com/andersfylling/disgord/client.go:204.37,208.2 1 0
github.com/andersfylling/disgord/client.go:210.34,212.2 1 0
github.com/andersfylling/disgord/client.go:215.40,218.16 3 0
github.com/andersfylling/disgord/client.go:222.2,227.12 3 0
github.com/andersfylling/disgord/client.go:218.16,221.3 2 0
github.com/andersfylling/disgord/client.go:231.43,235.16 4 0
github.com/andersfylling/disgord/client.go:239.2,241.12 2 0
github.com/andersfylling/disgord/client.go:235.16,238.3 2 0
github.com/andersfylling/disgord/client.go:244.42,246.2 1 0
github.com/andersfylling/disgord/client.go:248.38,250.2 1 0
github.com/andersfylling/disgord/client.go:252.38,254.2 1 0
github.com/andersfylling/disgord/client.go:256.68,258.2 1 0
github.com/andersfylling/disgord/client.go:261.72,263.2 1 0
github.com/andersfylling/disgord/client.go:265.74,268.65 2 0
github.com/andersfylling/disgord/client.go:291.2,291.11 1 0
github.com/andersfylling/disgord/client.go:268.65,275.20 3 0
github.com/andersfylling/disgord/client.go:280.3,283.14 2 0
github.com/andersfylling/disgord/client.go:288.3,288.12 1 0
github.com/andersfylling/disgord/client.go:275.20,277.4 1 0
github.com/andersfylling/disgord/client.go:283.15,285.4 0 0
github.com/andersfylling/disgord/client.go:294.90,297.82 2 0
github.com/andersfylling/disgord/client.go:320.2,320.11 1 0
github.com/andersfylling/disgord/client.go:297.82,304.20 3 0
github.com/andersfylling/disgord/client.go:309.3,312.14 2 0
github.com/andersfylling/disgord/client.go:317.3,317.12 1 0
github.com/andersfylling/disgord/client.go:304.20,306.4 1 0
github.com/andersfylling/disgord/client.go:312.15,314.4 0 0
github.com/andersfylling/disgord/client.go:324.66,327.61 2 0
github.com/andersfylling/disgord/client.go:350.2,350.11 1 0
github.com/andersfylling/disgord/client.go:327.61,334.20 3 0
github.com/andersfylling/disgord/client.go:339.3,342.14 2 0
github.com/andersfylling/disgord/client.go:347.3,347.12 1 0
github.com/andersfylling/disgord/client.go:334.20,336.4 1 0
github.com/andersfylling/disgord/client.go:342.15,344.4 0 0
github.com/andersfylling/disgord/client.go:352.66,355.65 2 0
github.com/andersfylling/disgord/client.go:378.2,378.11 1 0
github.com/andersfylling/disgord/client.go:355.65,362.20 3 0
github.com/andersfylling/disgord/client.go:367.3,370.14 2 0
github.com/andersfylling/disgord/client.go:375.3,375.12 1 0
github.com/andersfylling/disgord/client.go:362.20,364.4 1 0
github.com/andersfylling/disgord/client.go:370.15,372.4 0 0
github.com/andersfylling/disgord/client.go:380.62,383.59 2 0
github.com/andersfylling/disgord/client.go:406.2,406.11 1 0
github.com/andersfylling/disgord/client.go:383.59,390.20 3 0
github.com/andersfylling/disgord/client.go:395.3,398.14 2 0
github.com/andersfylling/disgord/client.go:403.3,403.12 1 0
github.com/andersfylling/disgord/client.go:390.20,392.4 1 0
github.com/andersfylling/disgord/client.go:398.15,400.4 0 0
github.com/andersfylling/disgord/client.go:408.76,411.62 2 0
github.com/andersfylling/disgord/client.go:434.2,434.11 1 0
github.com/andersfylling/disgord/client.go:411.62,418.20 3 0
github.com/andersfylling/disgord/client.go:423.3,426.14 2 0
github.com/andersfylling/disgord/client.go:431.3,431.12 1 0
github.com/andersfylling/disgord/client.go:418.20,420.4 1 0
github.com/andersfylling/disgord/client.go:426.15,428.4 0 0
github.com/andersfylling/disgord/client.go:436.86,439.79 2 0
github.com/andersfylling/disgord/client.go:462.2,462.11 1 0
github.com/andersfylling/disgord/client.go:439.79,446.20 3 0
github.com/andersfylling/disgord/client.go:451.3,454.14 2 0
github.com/andersfylling/disgord/client.go:459.3,459.12 1 0
github.com/andersfylling/disgord/client.go:446.20,448.4 1 0
github.com/andersfylling/disgord/client.go:454.15,456.4 0 0
github.com/andersfylling/disgord/event_dispatcher.go:15.30,61.2 3 0
github.com/andersfylling/disgord/event_dispatcher.go:152.42,153.12 1 0
github.com/andersfylling/disgord/event_dispatcher.go:153.12,154.7 1 0
github.com/andersfylling/disgord/event_dispatcher.go:154.7,155.11 1 0
github.com/andersfylling/disgord/event_dispatcher.go:156.21,156.21 0 0
github.com/andersfylling/disgord/event_dispatcher.go:157.23,157.23 0 0
github.com/andersfylling/disgord/event_dispatcher.go:158.25,158.25 0 0
github.com/andersfylling/disgord/event_dispatcher.go:159.31,159.31 0 0
github.com/andersfylling/disgord/event_dispatcher.go:160.31,160.31 0 0
github.com/andersfylling/disgord/event_dispatcher.go:161.35,161.35 0 0
github.com/andersfylling/disgord/event_dispatcher.go:162.31,162.31 0 0
github.com/andersfylling/disgord/event_dispatcher.go:163.29,163.29 0 0
github.com/andersfylling/disgord/event_dispatcher.go:164.32,164.32 0 0
github.com/andersfylling/disgord/event_dispatcher.go:165.29,165.29 0 0
github.com/andersfylling/disgord/event_dispatcher.go:166.29,166.29 0 0
github.com/andersfylling/disgord/event_dispatcher.go:167.35,167.35 0 0
github.com/andersfylling/disgord/event_dispatcher.go:168.41,168.41 0 0
github.com/andersfylling/disgord/event_dispatcher.go:169.32,169.32 0 0
github.com/andersfylling/disgord/event_dispatcher.go:170.35,170.35 0 0
github.com/andersfylling/disgord/event_dispatcher.go:171.35,171.35 0 0
github.com/andersfylling/disgord/event_dispatcher.go:172.35,172.35 0 0
github.com/andersfylling/disgord/event_dispatcher.go:173.33,173.33 0 0
github.com/andersfylling/disgord/event_dispatcher.go:174.33,174.33 0 0
github.com/andersfylling/disgord/event_dispatcher.go:175.33,175.33 0 0
github.com/andersfylling/disgord/event_dispatcher.go:176.29,176.29 0 0
github.com/andersfylling/disgord/event_dispatcher.go:177.31,177.31 0 0
github.com/andersfylling/disgord/event_dispatcher.go:178.35,178.35 0 0
github.com/andersfylling/disgord/event_dispatcher.go:179.31,179.31 0 0
github.com/andersfylling/disgord/event_dispatcher.go:180.36,180.36 0 0
github.com/andersfylling/disgord/event_dispatcher.go:181.42,181.42 0 0
github.com/andersfylling/disgord/event_dispatcher.go:182.39,182.39 0 0
github.com/andersfylling/disgord/event_dispatcher.go:183.31,183.31 0 0
github.com/andersfylling/disgord/event_dispatcher.go:184.32,184.32 0 0
github.com/andersfylling/disgord/event_dispatcher.go:185.29,185.29 0 0
github.com/andersfylling/disgord/event_dispatcher.go:186.28,186.28 0 0
github.com/andersfylling/disgord/event_dispatcher.go:187.34,187.34 0 0
github.com/andersfylling/disgord/event_dispatcher.go:188.35,188.35 0 0
github.com/andersfylling/disgord/event_dispatcher.go:189.32,189.32 0 0
github.com/andersfylling/disgord/event_dispatcher.go:195.103,196.17 1 0
github.com/andersfylling/disgord/event_dispatcher.go:197.16,198.33 1 0
github.com/andersfylling/disgord/event_dispatcher.go:199.18,200.37 1 0
github.com/andersfylling/disgord/event_dispatcher.go:201.24,202.49 1 0
github.com/andersfylling/disgord/event_dispatcher.go:203.24,204.49 1 0
github.com/andersfylling/disgord/event_dispatcher.go:205.24,206.49 1 0
github.com/andersfylling/disgord/event_dispatcher.go:207.28,208.57 1 0
github.com/andersfylling/disgord/event_dispatcher.go:209.22,210.45 1 0
github.com/andersfylling/disgord/event_dispatcher.go:211.22,212.45 1 0
github.com/andersfylling/disgord/event_dispatcher.go:213.22,214.45 1 0
github.com/andersfylling/disgord/event_dispatcher.go:215.22,216.45 1 0
github.com/andersfylling/disgord/event_dispatcher.go:217.25,218.51 1 0
github.com/andersfylling/disgord/event_dispatcher.go:219.28,220.57 1 0
github.com/andersfylling/disgord/event_dispatcher.go:221.34,222.69 1 0
github.com/andersfylling/disgord/event_dispatcher.go:223.25,224.51 1 0
github.com/andersfylling/disgord/event_dispatcher.go:225.28,226.57 1 0
github.com/andersfylling/disgord/event_dispatcher.go:227.28,228.57 1 0
github.com/andersfylling/disgord/event_dispatcher.go:229.28,230.57 1 0
github.com/andersfylling/disgord/event_dispatcher.go:231.26,232.53 1 0
github.com/andersfylling/disgord/event_dispatcher.go:233.26,234.53 1 0
github.com/andersfylling/disgord/event_dispatcher.go:235.26,236.53 1 0
github.com/andersfylling/disgord/event_dispatcher.go:237.24,238.49 1 0
github.com/andersfylling/disgord/event_dispatcher.go:239.24,240.49 1 0
github.com/andersfylling/disgord/event_dispatcher.go:241.24,242.49 1 0
github.com/andersfylling/disgord/event_dispatcher.go:243.28,244.57 1 0
github.com/andersfylling/disgord/event_dispatcher.go:245.29,246.59 1 0
github.com/andersfylling/disgord/event_dispatcher.go:247.32,248.65 1 0
github.com/andersfylling/disgord/event_dispatcher.go:249.35,250.71 1 0
github.com/andersfylling/disgord/event_dispatcher.go:251.25,252.51 1 0
github.com/andersfylling/disgord/event_dispatcher.go:253.22,254.45 1 0
github.com/andersfylling/disgord/event_dispatcher.go:255.21,256.43 1 0
github.com/andersfylling/disgord/event_dispatcher.go:257.27,258.55 1 0
github.com/andersfylling/disgord/event_dispatcher.go:259.28,260.57 1 0
github.com/andersfylling/disgord/event_dispatcher.go:261.25,262.51 1 0
github.com/andersfylling/disgord/event_dispatcher.go:263.10,264.78 1 0
github.com/andersfylling/disgord/event_dispatcher.go:268.108,269.17 1 0
github.com/andersfylling/disgord/event_dispatcher.go:407.2,410.50 3 0
github.com/andersfylling/disgord/event_dispatcher.go:418.2,419.12 2 0
github.com/andersfylling/disgord/event_dispatcher.go:270.16,271.50 1 0
github.com/andersfylling/disgord/event_dispatcher.go:274.18,275.52 1 0
github.com/andersfylling/disgord/event_dispatcher.go:278.24,279.58 1 0
github.com/andersfylling/disgord/event_dispatcher.go:282.24,283.58 1 0
github.com/andersfylling/disgord/event_dispatcher.go:286.24,287.58 1 0
github.com/andersfylling/disgord/event_dispatcher.go:290.28,291.62 1 0
github.com/andersfylling/disgord/event_dispatcher.go:294.22,295.56 1 0
github.com/andersfylling/disgord/event_dispatcher.go:298.22,299.56 1 0
github.com/andersfylling/disgord/event_dispatcher.go:302.22,303.56 1 0
github.com/andersfylling/disgord/event_dispatcher.go:306.22,307.56 1 0
github.com/andersfylling/disgord/event_dispatcher.go:310.25,311.59 1 0
github.com/andersfylling/disgord/event_dispatcher.go:314.28,315.62 1 0
github.com/andersfylling/disgord/event_dispatcher.go:318.34,319.68 1 0
github.com/andersfylling/disgord/event_dispatcher.go:322.25,323.59 1 0
github.com/andersfylling/disgord/event_dispatcher.go:326.28,327.62 1 0
github.com/andersfylling/disgord/event_dispatcher.go:330.28,331.62 1 0
github.com/andersfylling/disgord/event_dispatcher.go:334.28,335.62 1 0
github.com/andersfylling/disgord/event_dispatcher.go:338.26,339.60 1 0
github.com/andersfylling/disgord/event_dispatcher.go:342.26,343.60 1 0
github.com/andersfylling/disgord/event_dispatcher.go:346.26,347.60 1 0
github.com/andersfylling/disgord/event_dispatcher.go:350.24,351.58 1 0
github.com/andersfylling/disgord/event_dispatcher.go:354.24,355.58 1 0
github.com/andersfylling/disgord/event_dispatcher.go:358.24,359.58 1 0
github.com/andersfylling/disgord/event_dispatcher.go:362.28,363.62 1 0
github.com/andersfylling/disgord/event_dispatcher.go:366.29,367.63 1 0
github.com/andersfylling/disgord/event_dispatcher.go:370.32,371.66 1 0
github.com/andersfylling/disgord/event_dispatcher.go:374.35,375.69 1 0
github.com/andersfylling/disgord/event_dispatcher.go:378.25,379.59 1 0
github.com/andersfylling/disgord/event_dispatcher.go:382.22,383.56 1 0
github.com/andersfylling/disgord/event_dispatcher.go:386.21,387.55 1 0
github.com/andersfylling/disgord/event_dispatcher.go:390.27,391.61 1 0
github.com/andersfylling/disgord/event_dispatcher.go:394.28,395.62 1 0
github.com/andersfylling/disgord/event_dispatcher.go:398.25,399.59 1 0
github.com/andersfylling/disgord/event_dispatcher.go:402.10,403.79 1 0
github.com/andersfylling/disgord/event_dispatcher.go:271.50,273.4 1 0
github.com/andersfylling/disgord/event_dispatcher.go:275.52,277.4 1 0
github.com/andersfylling/disgord/event_dispatcher.go:279.58,281.4 1 0
github.com/andersfylling/disgord/event_dispatcher.go:283.58,285.4 1 0
github.com/andersfylling/disgord/event_dispatcher.go:287.58,289.4 1 0
github.com/andersfylling/disgord/event_dispatcher.go:291.62,293.4 1 0
github.com/andersfylling/disgord/event_dispatcher.go:295.56,297.4 1 0
github.com/andersfylling/disgord/event_dispatcher.go:299.56,301.4 1 0
github.com/andersfylling/disgord/event_dispatcher.go:303.56,305.4 1 0
github.com/andersfylling/disgord/event_dispatcher.go:307.56,309.4 1 0
github.com/andersfylling/disgord/event_dispatcher.go:311.59,313.4 1 0
github.com/andersfylling/disgord/event_dispatcher.go:315.62,317.4 1 0
github.com/andersfylling/disgord/event_dispatcher.go:319.68,321.4 1 0
github.com/andersfylling/disgord/event_dispatcher.go:323.59,325.4 1 0
github.com/andersfylling/disgord/event_dispatcher.go:327.62,329.4 1 0
github.com/andersfylling/disgord/event_dispatcher.go:331.62,333.4 1 0
github.com/andersfylling/disgord/event_dispatcher.go:335.62,337.4 1 0
github.com/andersfylling/disgord/event_dispatcher.go:339.60,341.4 1 0
github.com/andersfylling/disgord/event_dispatcher.go:343.60,345.4 1 0
github.com/andersfylling/disgord/event_dispatcher.go:347.60,349.4 1 0
github.com/andersfylling/disgord/event_dispatcher.go:351.58,353.4 1 0
github.com/andersfylling/disgord/event_dispatcher.go:355.58,357.4 1 0
github.com/andersfylling/disgord/event_dispatcher.go:359.58,361.4 1 0
github.com/andersfylling/disgord/event_dispatcher.go:363.62,365.4 1 0
github.com/andersfylling/disgord/event_dispatcher.go:367.63,369.4 1 0
github.com/andersfylling/disgord/event_dispatcher.go:371.66,373.4 1 0
github.com/andersfylling/disgord/event_dispatcher.go:375.69,377.4 1 0
github.com/andersfylling/disgord/event_dispatcher.go:379.59,381.4 1 0
github.com/andersfylling/disgord/event_dispatcher.go:383.56,385.4 1 0
github.com/andersfylling/disgord/event_dispatcher.go:387.55,389.4 1 0
github.com/andersfylling/disgord/event_dispatcher.go:391.61,393.4 1 0
github.com/andersfylling/disgord/event_dispatcher.go:395.62,397.4 1 0
github.com/andersfylling/disgord/event_dispatcher.go:399.59,401.4 1 0
github.com/andersfylling/disgord/event_dispatcher.go:410.50,415.3 3 0
github.com/andersfylling/disgord/event_dispatcher.go:419.12,421.3 1 0
github.com/andersfylling/disgord/event_dispatcher.go:425.95,427.17 1 0
github.com/andersfylling/disgord/event_dispatcher.go:428.16,434.49 5 0
github.com/andersfylling/disgord/event_dispatcher.go:435.18,441.49 5 0
github.com/andersfylling/disgord/event_dispatcher.go:442.60,446.18 3 0
github.com/andersfylling/disgord/event_dispatcher.go:460.28,466.49 5 0
github.com/andersfylling/disgord/event_dispatcher.go:467.54,471.18 3 0
github.com/andersfylling/disgord/event_dispatcher.go:486.22,492.49 5 0
github.com/andersfylling/disgord/event_dispatcher.go:493.25,499.49 5 0
github.com/andersfylling/disgord/event_dispatcher.go:500.28,506.49 5 0
github.com/andersfylling/disgord/event_dispatcher.go:507.34,513.49 5 0
github.com/andersfylling/disgord/event_dispatcher.go:514.25,520.49 5 0
github.com/andersfylling/disgord/event_dispatcher.go:521.28,527.49 5 0
github.com/andersfylling/disgord/event_dispatcher.go:528.28,534.49 5 0
github.com/andersfylling/disgord/event_dispatcher.go:535.28,541.49 5 0
github.com/andersfylling/disgord/event_dispatcher.go:542.26,548.49 5 0
github.com/andersfylling/disgord/event_dispatcher.go:549.26,555.49 5 0
github.com/andersfylling/disgord/event_dispatcher.go:556.26,562.49 5 0
github.com/andersfylling/disgord/event_dispatcher.go:563.60,567.18 3 0
github.com/andersfylling/disgord/event_dispatcher.go:581.28,587.49 5 0
github.com/andersfylling/disgord/event_dispatcher.go:588.29,594.49 5 0
github.com/andersfylling/disgord/event_dispatcher.go:595.32,601.49 5 0
github.com/andersfylling/disgord/event_dispatcher.go:602.35,608.49 5 0
github.com/andersfylling/disgord/event_dispatcher.go:609.25,615.49 5 0
github.com/andersfylling/disgord/event_dispatcher.go:616.22,622.49 5 0
github.com/andersfylling/disgord/event_dispatcher.go:623.21,629.49 5 0
github.com/andersfylling/disgord/event_dispatcher.go:630.27,636.49 5 0
github.com/andersfylling/disgord/event_dispatcher.go:637.28,643.49 5 0
github.com/andersfylling/disgord/event_dispatcher.go:644.25,650.49 5 0
github.com/andersfylling/disgord/event_dispatcher.go:651.10,652.111 1 0
github.com/andersfylling/disgord/event_dispatcher.go:447.25,450.50 3 0
github.com/andersfylling/disgord/event_dispatcher.go:451.25,454.50 3 0
github.com/andersfylling/disgord/event_dispatcher.go:455.25,458.50 3 0
github.com/andersfylling/disgord/event_dispatcher.go:472.23,475.50 3 0
github.com/andersfylling/disgord/event_dispatcher.go:476.23,479.50 3 0
github.com/andersfylling/disgord/event_dispatcher.go:480.23,484.50 4 0
github.com/andersfylling/disgord/event_dispatcher.go:568.25,571.50 3 0
github.com/andersfylling/disgord/event_dispatcher.go:572.25,575.50 3 0
github.com/andersfylling/disgord/event_dispatcher.go:576.25,579.50 3 0
github.com/andersfylling/disgord/event_dispatcher.go:661.49,663.2 1 0
github.com/andersfylling/disgord/event_dispatcher.go:664.49,666.2 1 0
github.com/andersfylling/disgord/event_dispatcher.go:667.53,669.2 1 0
github.com/andersfylling/disgord/event_dispatcher.go:670.65,672.2 1 0
github.com/andersfylling/disgord/event_dispatcher.go:673.65,675.2 1 0
github.com/andersfylling/disgord/event_dispatcher.go:676.65,678.2 1 0
github.com/andersfylling/disgord/event_dispatcher.go:679.73,681.2 1 0
github.com/andersfylling/disgord/event_dispatcher.go:682.61,684.2 1 0
github.com/andersfylling/disgord/event_dispatcher.go:685.61,687.2 1 0
github.com/andersfylling/disgord/event_dispatcher.go:688.61,690.2 1 0
github.com/andersfylling/disgord/event_dispatcher.go:691.61,693.2 1 0
github.com/andersfylling/disgord/event_dispatcher.go:694.67,696.2 1 0
github.com/andersfylling/disgord/event_dispatcher.go:697.73,699.2 1 0
github.com/andersfylling/disgord/event_dispatcher.go:700.85,702.2 1 0
github.com/andersfylling/disgord/event_dispatcher.go:703.67,705.2 1 0
github.com/andersfylling/disgord/event_dispatcher.go:706.73,708.2 1 0
github.com/andersfylling/disgord/event_dispatcher.go:709.73,711.2 1 0
github.com/andersfylling/disgord/event_dispatcher.go:712.73,714.2 1 0
github.com/andersfylling/disgord/event_dispatcher.go:715.69,717.2 1 0
github.com/andersfylling/disgord/event_dispatcher.go:718.69,720.2 1 0
github.com/andersfylling/disgord/event_dispatcher.go:721.69,723.2 1 0
github.com/andersfylling/disgord/event_dispatcher.go:724.65,726.2 1 0
github.com/andersfylling/disgord/event_dispatcher.go:727.65,729.2 1 0
github.com/andersfylling/disgord/event_dispatcher.go:730.65,732.2 1 0
github.com/andersfylling/disgord/event_dispatcher.go:733.73,735.2 1 0
github.com/andersfylling/disgord/event_dispatcher.go:736.75,738.2 1 0
github.com/andersfylling/disgord/event_dispatcher.go:739.81,741.2 1 0
github.com/andersfylling/disgord/event_dispatcher.go:742.87,744.2 1 0
github.com/andersfylling/disgord/event_dispatcher.go:745.67,747.2 1 0
github.com/andersfylling/disgord/event_dispatcher.go:748.61,750.2 1 0
github.com/andersfylling/disgord/event_dispatcher.go:751.59,753.2 1 0
github.com/andersfylling/disgord/event_dispatcher.go:754.71,756.2 1 0
github.com/andersfylling/disgord/event_dispatcher.go:757.73,759.2 1 0
github.com/andersfylling/disgord/event_dispatcher.go:760.67,762.2 1 0
github.com/andersfylling/disgord/event_dispatcher.go:764.69,769.2 3 0
github.com/andersfylling/disgord/event_dispatcher.go:771.73,778.2 5 0
github.com/andersfylling/disgord/event_dispatcher.go:781.46,783.16 2 0
github.com/andersfylling/disgord/event_dispatcher.go:783.16,784.13 1 0
