mode: atomic
github.com/andersfylling/disgord/rest/httd/client.go:25.50,31.44 3 0
github.com/andersfylling/disgord/rest/httd/client.go:38.2,38.18 1 0
github.com/andersfylling/disgord/rest/httd/client.go:31.44,32.34 1 0
github.com/andersfylling/disgord/rest/httd/client.go:32.34,34.9 2 0
github.com/andersfylling/disgord/rest/httd/client.go:41.38,42.49 1 0
github.com/andersfylling/disgord/rest/httd/client.go:46.2,46.25 1 0
github.com/andersfylling/disgord/rest/httd/client.go:51.2,51.28 1 0
github.com/andersfylling/disgord/rest/httd/client.go:60.2,60.66 1 0
github.com/andersfylling/disgord/rest/httd/client.go:65.2,77.3 4 0
github.com/andersfylling/disgord/rest/httd/client.go:42.49,43.81 1 0
github.com/andersfylling/disgord/rest/httd/client.go:46.25,47.45 1 0
github.com/andersfylling/disgord/rest/httd/client.go:51.28,55.3 1 0
github.com/andersfylling/disgord/rest/httd/client.go:60.66,61.105 1 0
github.com/andersfylling/disgord/rest/httd/client.go:116.71,118.25 2 0
github.com/andersfylling/disgord/rest/httd/client.go:125.2,126.16 2 0
github.com/andersfylling/disgord/rest/httd/client.go:131.2,134.39 2 0
github.com/andersfylling/disgord/rest/httd/client.go:139.2,139.41 1 0
github.com/andersfylling/disgord/rest/httd/client.go:144.2,144.17 1 0
github.com/andersfylling/disgord/rest/httd/client.go:159.2,161.16 3 0
github.com/andersfylling/disgord/rest/httd/client.go:166.2,168.8 2 0
github.com/andersfylling/disgord/rest/httd/client.go:118.25,120.17 2 0
github.com/andersfylling/disgord/rest/httd/client.go:120.17,122.4 1 0
github.com/andersfylling/disgord/rest/httd/client.go:126.16,128.3 1 0
github.com/andersfylling/disgord/rest/httd/client.go:134.39,136.3 1 0
github.com/andersfylling/disgord/rest/httd/client.go:139.41,141.3 1 0
github.com/andersfylling/disgord/rest/httd/client.go:144.17,150.75 2 0
github.com/andersfylling/disgord/rest/httd/client.go:156.3,156.23 1 0
github.com/andersfylling/disgord/rest/httd/client.go:150.75,154.4 2 0
github.com/andersfylling/disgord/rest/httd/client.go:161.16,163.3 1 0
github.com/andersfylling/disgord/rest/httd/client.go:171.44,173.2 1 0
github.com/andersfylling/disgord/rest/httd/client.go:176.64,178.16 2 0
github.com/andersfylling/disgord/rest/httd/client.go:181.2,183.30 2 0
github.com/andersfylling/disgord/rest/httd/client.go:178.16,180.3 1 0
github.com/andersfylling/disgord/rest/httd/crud.go:36.69,39.2 2 0
github.com/andersfylling/disgord/rest/httd/crud.go:41.70,44.2 2 0
github.com/andersfylling/disgord/rest/httd/crud.go:46.69,49.2 2 0
github.com/andersfylling/disgord/rest/httd/crud.go:51.71,54.2 2 0
github.com/andersfylling/disgord/rest/httd/crud.go:56.72,59.2 2 0
github.com/andersfylling/disgord/rest/httd/ratelimit.go:30.47,32.2 1 0
github.com/andersfylling/disgord/rest/httd/ratelimit.go:34.45,36.2 1 0
github.com/andersfylling/disgord/rest/httd/ratelimit.go:38.32,40.2 1 0
github.com/andersfylling/disgord/rest/httd/ratelimit.go:42.30,44.2 1 0
github.com/andersfylling/disgord/rest/httd/ratelimit.go:53.32,60.2 1 0
github.com/andersfylling/disgord/rest/httd/ratelimit.go:72.48,79.46 4 0
github.com/andersfylling/disgord/rest/httd/ratelimit.go:92.2,92.20 1 0
github.com/andersfylling/disgord/rest/httd/ratelimit.go:96.2,97.46 2 0
github.com/andersfylling/disgord/rest/httd/ratelimit.go:104.2,106.15 2 0
github.com/andersfylling/disgord/rest/httd/ratelimit.go:79.46,80.37 1 0
github.com/andersfylling/disgord/rest/httd/ratelimit.go:83.3,85.36 3 0
github.com/andersfylling/disgord/rest/httd/ratelimit.go:80.37,81.12 1 0
github.com/andersfylling/disgord/rest/httd/ratelimit.go:85.36,86.16 1 0
github.com/andersfylling/disgord/rest/httd/ratelimit.go:89.4,89.25 1 0
github.com/andersfylling/disgord/rest/httd/ratelimit.go:86.16,87.10 1 0
github.com/andersfylling/disgord/rest/httd/ratelimit.go:92.20,94.3 1 0
github.com/andersfylling/disgord/rest/httd/ratelimit.go:97.46,103.3 2 0
github.com/andersfylling/disgord/rest/httd/ratelimit.go:109.56,112.2 2 0
github.com/andersfylling/disgord/rest/httd/ratelimit.go:114.50,117.2 2 0
github.com/andersfylling/disgord/rest/httd/ratelimit.go:125.68,137.16 10 0
github.com/andersfylling/disgord/rest/httd/ratelimit.go:142.2,142.76 1 0
github.com/andersfylling/disgord/rest/httd/ratelimit.go:147.2,147.71 1 0
github.com/andersfylling/disgord/rest/httd/ratelimit.go:155.2,156.24 2 0
github.com/andersfylling/disgord/rest/httd/ratelimit.go:164.2,165.20 2 0
github.com/andersfylling/disgord/rest/httd/ratelimit.go:188.2,188.12 1 0
github.com/andersfylling/disgord/rest/httd/ratelimit.go:137.16,139.3 1 0
github.com/andersfylling/disgord/rest/httd/ratelimit.go:142.76,144.3 1 0
github.com/andersfylling/disgord/rest/httd/ratelimit.go:147.71,149.17 2 0
github.com/andersfylling/disgord/rest/httd/ratelimit.go:149.18,151.4 0 0
github.com/andersfylling/disgord/rest/httd/ratelimit.go:156.24,158.17 2 0
github.com/andersfylling/disgord/rest/httd/ratelimit.go:158.18,160.4 0 0
github.com/andersfylling/disgord/rest/httd/ratelimit.go:165.20,168.17 2 0
github.com/andersfylling/disgord/rest/httd/ratelimit.go:168.17,170.4 1 0
github.com/andersfylling/disgord/rest/httd/ratelimit.go:170.10,172.4 0 0
github.com/andersfylling/disgord/rest/httd/ratelimit.go:173.8,173.90 1 0
github.com/andersfylling/disgord/rest/httd/ratelimit.go:173.90,175.48 1 0
github.com/andersfylling/disgord/rest/httd/ratelimit.go:185.3,185.40 1 0
github.com/andersfylling/disgord/rest/httd/ratelimit.go:175.48,177.18 2 0
github.com/andersfylling/disgord/rest/httd/ratelimit.go:177.18,179.5 1 0
github.com/andersfylling/disgord/rest/httd/ratelimit.go:180.9,180.44 1 0
github.com/andersfylling/disgord/rest/httd/ratelimit.go:180.44,182.4 1 0
github.com/andersfylling/disgord/rest/httd/ratelimit.go:188.12,192.17 3 0
github.com/andersfylling/disgord/rest/httd/ratelimit.go:195.3,195.21 1 0
github.com/andersfylling/disgord/rest/httd/ratelimit.go:198.3,198.17 1 0
github.com/andersfylling/disgord/rest/httd/ratelimit.go:192.17,194.4 1 0
github.com/andersfylling/disgord/rest/httd/ratelimit.go:195.21,197.4 1 0
github.com/andersfylling/disgord/rest/httd/ratelimit.go:198.17,200.4 1 0
github.com/andersfylling/disgord/rest/httd/ratelimit.go:201.8,206.17 4 0
github.com/andersfylling/disgord/rest/httd/ratelimit.go:209.3,209.21 1 0
github.com/andersfylling/disgord/rest/httd/ratelimit.go:212.3,212.17 1 0
github.com/andersfylling/disgord/rest/httd/ratelimit.go:206.17,208.4 1 0
github.com/andersfylling/disgord/rest/httd/ratelimit.go:209.21,211.4 1 0
github.com/andersfylling/disgord/rest/httd/ratelimit.go:212.17,214.4 1 0
github.com/andersfylling/disgord/rest/httd/ratelimit.go:230.33,235.2 3 0
github.com/andersfylling/disgord/rest/httd/ratelimit.go:237.34,242.19 4 0
github.com/andersfylling/disgord/rest/httd/ratelimit.go:245.2,245.10 1 0
github.com/andersfylling/disgord/rest/httd/ratelimit.go:242.19,244.3 1 0
github.com/andersfylling/disgord/resource/testing.go:14.61,19.16 3 8
github.com/andersfylling/disgord/resource/testing.go:24.2,25.16 2 8
github.com/andersfylling/disgord/resource/testing.go:31.2,33.16 3 8
github.com/andersfylling/disgord/resource/testing.go:37.2,39.16 3 8
github.com/andersfylling/disgord/resource/testing.go:44.2,45.16 2 8
github.com/andersfylling/disgord/resource/testing.go:49.2,50.16 2 8
github.com/andersfylling/disgord/resource/testing.go:55.2,57.16 3 8
github.com/andersfylling/disgord/resource/testing.go:60.2,62.16 3 8
github.com/andersfylling/disgord/resource/testing.go:67.2,67.36 1 8
github.com/andersfylling/disgord/resource/testing.go:73.2,73.12 1 8
github.com/andersfylling/disgord/resource/testing.go:19.16,21.3 1 0
github.com/andersfylling/disgord/resource/testing.go:25.16,27.3 1 0
github.com/andersfylling/disgord/resource/testing.go:33.16,35.3 1 0
github.com/andersfylling/disgord/resource/testing.go:39.16,41.3 1 0
github.com/andersfylling/disgord/resource/testing.go:45.16,47.3 1 0
github.com/andersfylling/disgord/resource/testing.go:50.16,52.3 1 0
github.com/andersfylling/disgord/resource/testing.go:57.16,59.3 1 0
github.com/andersfylling/disgord/resource/testing.go:62.16,64.3 1 0
github.com/andersfylling/disgord/resource/testing.go:67.36,71.3 3 0
github.com/andersfylling/disgord/resource/testing.go:77.37,81.16 2 16
github.com/andersfylling/disgord/resource/testing.go:81.16,83.3 1 0
github.com/andersfylling/disgord/resource/timestamp.go:25.50,30.2 2 1
github.com/andersfylling/disgord/resource/timestamp.go:32.54,35.16 3 1
github.com/andersfylling/disgord/resource/timestamp.go:39.2,40.12 2 1
github.com/andersfylling/disgord/resource/timestamp.go:35.16,37.3 1 0
github.com/andersfylling/disgord/resource/timestamp.go:44.36,46.2 1 1
github.com/andersfylling/disgord/resource/timestamp.go:49.37,51.2 1 1
github.com/andersfylling/disgord/resource/user.go:24.22,26.2 1 0
github.com/andersfylling/disgord/resource/user.go:42.33,44.2 1 0
github.com/andersfylling/disgord/resource/user.go:46.41,48.2 1 0
github.com/andersfylling/disgord/resource/user.go:50.32,52.2 1 0
github.com/andersfylling/disgord/resource/user.go:56.31,58.2 1 0
github.com/andersfylling/disgord/resource/user.go:60.46,61.18 1 8
github.com/andersfylling/disgord/resource/user.go:65.2,65.31 1 7
github.com/andersfylling/disgord/resource/user.go:61.18,63.3 1 1
github.com/andersfylling/disgord/resource/user.go:72.25,74.2 0 0
github.com/andersfylling/disgord/resource/user.go:76.124,78.2 1 0
github.com/andersfylling/disgord/resource/user.go:80.128,82.2 1 0
github.com/andersfylling/disgord/resource/user.go:84.33,98.21 11 0
github.com/andersfylling/disgord/resource/user.go:103.2,105.13 2 0
github.com/andersfylling/disgord/resource/user.go:98.21,101.3 2 0
github.com/andersfylling/disgord/resource/user.go:108.29,110.2 1 0
github.com/andersfylling/disgord/resource/user.go:123.38,125.2 1 0
github.com/andersfylling/disgord/resource/user.go:127.47,130.2 0 0
github.com/andersfylling/disgord/resource/user.go:132.40,134.2 1 0
github.com/andersfylling/disgord/resource/user.go:136.32,138.2 1 0
github.com/andersfylling/disgord/resource/voice.go:38.33,40.2 0 0
github.com/andersfylling/disgord/resource/channel.go:46.42,46.43 0 0
github.com/andersfylling/disgord/resource/channel.go:48.28,50.2 1 0
github.com/andersfylling/disgord/resource/channel.go:76.36,78.2 1 0
github.com/andersfylling/disgord/resource/channel.go:80.48,83.2 1 0
github.com/andersfylling/disgord/resource/channel.go:85.67,90.46 2 0
github.com/andersfylling/disgord/resource/channel.go:90.46,92.3 1 0
github.com/andersfylling/disgord/resource/channel.go:92.8,94.3 1 0
github.com/andersfylling/disgord/resource/channel.go:97.39,120.61 19 0
github.com/andersfylling/disgord/resource/channel.go:126.2,128.16 2 0
github.com/andersfylling/disgord/resource/channel.go:120.61,121.42 1 0
github.com/andersfylling/disgord/resource/channel.go:121.42,123.4 1 0
github.com/andersfylling/disgord/resource/channel.go:131.28,133.2 0 0
github.com/andersfylling/disgord/resource/channel.go:135.29,137.2 0 0
github.com/andersfylling/disgord/resource/channel.go:139.29,141.2 0 0
github.com/andersfylling/disgord/resource/channel.go:143.29,145.2 0 0
github.com/andersfylling/disgord/resource/channel.go:147.95,149.2 1 0
github.com/andersfylling/disgord/resource/channel.go:151.77,153.2 1 0
github.com/andersfylling/disgord/resource/channel.go:177.28,179.2 1 0
github.com/andersfylling/disgord/resource/channel.go:181.42,183.2 1 0
github.com/andersfylling/disgord/resource/channel.go:230.49,231.18 1 0
github.com/andersfylling/disgord/resource/channel.go:236.2,236.34 1 0
github.com/andersfylling/disgord/resource/channel.go:231.18,233.3 1 0
github.com/andersfylling/disgord/resource/channel.go:239.29,239.30 0 0
github.com/andersfylling/disgord/resource/channel.go:240.29,240.30 0 0
github.com/andersfylling/disgord/resource/channel.go:241.29,241.30 0 0
github.com/andersfylling/disgord/resource/channel.go:243.52,243.53 0 0
github.com/andersfylling/disgord/resource/channel.go:244.52,244.53 0 0
github.com/andersfylling/disgord/resource/guild.go:85.24,87.2 1 0
github.com/andersfylling/disgord/resource/guild.go:89.43,100.16 3 0
github.com/andersfylling/disgord/resource/guild.go:104.2,104.14 1 0
github.com/andersfylling/disgord/resource/guild.go:100.16,101.13 1 0
github.com/andersfylling/disgord/resource/guild.go:107.46,119.2 1 0
github.com/andersfylling/disgord/resource/guild.go:121.59,123.2 1 0
github.com/andersfylling/disgord/resource/guild.go:125.61,132.2 2 1
github.com/andersfylling/disgord/resource/guild.go:204.44,207.2 1 0
github.com/andersfylling/disgord/resource/guild.go:213.47,216.19 3 2
github.com/andersfylling/disgord/resource/guild.go:229.2,229.22 1 2
github.com/andersfylling/disgord/resource/guild.go:216.19,219.17 3 1
github.com/andersfylling/disgord/resource/guild.go:219.17,221.4 1 0
github.com/andersfylling/disgord/resource/guild.go:222.8,224.17 2 1
github.com/andersfylling/disgord/resource/guild.go:224.17,226.4 1 0
github.com/andersfylling/disgord/resource/guild.go:233.32,234.45 1 1000
github.com/andersfylling/disgord/resource/guild.go:234.45,236.3 1 4193215
github.com/andersfylling/disgord/resource/guild.go:239.46,244.2 3 1000
github.com/andersfylling/disgord/resource/guild.go:246.49,248.2 1 0
github.com/andersfylling/disgord/resource/guild.go:249.58,251.31 2 0
github.com/andersfylling/disgord/resource/guild.go:257.2,257.17 1 0
github.com/andersfylling/disgord/resource/guild.go:262.2,268.12 5 0
github.com/andersfylling/disgord/resource/guild.go:251.31,252.17 1 0
github.com/andersfylling/disgord/resource/guild.go:252.17,254.4 1 0
github.com/andersfylling/disgord/resource/guild.go:257.17,259.3 1 0
github.com/andersfylling/disgord/resource/guild.go:271.49,276.2 2 0
github.com/andersfylling/disgord/resource/guild.go:278.43,283.2 2 0
github.com/andersfylling/disgord/resource/guild.go:286.58,287.35 1 0
github.com/andersfylling/disgord/resource/guild.go:293.2,293.53 1 0
github.com/andersfylling/disgord/resource/guild.go:287.35,288.27 1 0
github.com/andersfylling/disgord/resource/guild.go:288.27,290.4 1 0
github.com/andersfylling/disgord/resource/guild.go:297.62,299.35 2 0
github.com/andersfylling/disgord/resource/guild.go:305.2,305.23 1 0
github.com/andersfylling/disgord/resource/guild.go:309.2,309.21 1 0
github.com/andersfylling/disgord/resource/guild.go:299.35,300.58 1 0
github.com/andersfylling/disgord/resource/guild.go:300.58,302.4 1 0
github.com/andersfylling/disgord/resource/guild.go:305.23,307.3 1 0
github.com/andersfylling/disgord/resource/guild.go:313.54,314.31 1 0
github.com/andersfylling/disgord/resource/guild.go:320.2,320.51 1 0
github.com/andersfylling/disgord/resource/guild.go:314.31,315.20 1 0
github.com/andersfylling/disgord/resource/guild.go:315.20,317.4 1 0
github.com/andersfylling/disgord/resource/guild.go:323.37,324.31 1 0
github.com/andersfylling/disgord/resource/guild.go:324.31,325.22 1 0
github.com/andersfylling/disgord/resource/guild.go:325.22,327.9 2 0
github.com/andersfylling/disgord/resource/guild.go:331.49,333.28 2 0
github.com/andersfylling/disgord/resource/guild.go:340.2,340.17 1 0
github.com/andersfylling/disgord/resource/guild.go:333.28,334.17 1 0
github.com/andersfylling/disgord/resource/guild.go:334.17,336.9 2 0
github.com/andersfylling/disgord/resource/guild.go:340.17,345.3 3 0
github.com/andersfylling/disgord/resource/guild.go:349.58,351.31 2 0
github.com/andersfylling/disgord/resource/guild.go:357.2,357.21 1 0
github.com/andersfylling/disgord/resource/guild.go:361.2,361.19 1 0
github.com/andersfylling/disgord/resource/guild.go:351.31,352.24 1 0
github.com/andersfylling/disgord/resource/guild.go:352.24,354.4 1 0
github.com/andersfylling/disgord/resource/guild.go:357.21,359.3 1 0
github.com/andersfylling/disgord/resource/guild.go:364.60,365.37 1 0
github.com/andersfylling/disgord/resource/guild.go:371.2,371.54 1 0
github.com/andersfylling/disgord/resource/guild.go:365.37,366.23 1 0
github.com/andersfylling/disgord/resource/guild.go:366.23,368.4 1 0
github.com/andersfylling/disgord/resource/guild.go:374.49,377.39 3 0
github.com/andersfylling/disgord/resource/guild.go:383.2,385.17 2 0
github.com/andersfylling/disgord/resource/guild.go:391.2,393.27 3 0
github.com/andersfylling/disgord/resource/guild.go:377.39,378.36 1 0
github.com/andersfylling/disgord/resource/guild.go:378.36,380.9 2 0
github.com/andersfylling/disgord/resource/guild.go:385.17,388.3 1 0
github.com/andersfylling/disgord/resource/guild.go:397.36,399.20 1 0
github.com/andersfylling/disgord/resource/guild.go:404.2,404.14 1 0
github.com/andersfylling/disgord/resource/guild.go:408.2,412.21 3 0
github.com/andersfylling/disgord/resource/guild.go:419.2,420.18 2 0
github.com/andersfylling/disgord/resource/guild.go:399.20,401.3 1 0
github.com/andersfylling/disgord/resource/guild.go:404.14,406.3 1 0
github.com/andersfylling/disgord/resource/guild.go:412.21,414.3 1 0
github.com/andersfylling/disgord/resource/guild.go:414.9,417.3 0 0
github.com/andersfylling/disgord/resource/guild.go:424.25,432.28 4 0
github.com/andersfylling/disgord/resource/guild.go:436.2,438.29 2 0
github.com/andersfylling/disgord/resource/guild.go:442.2,447.36 4 0
github.com/andersfylling/disgord/resource/guild.go:451.2,454.30 3 0
github.com/andersfylling/disgord/resource/guild.go:458.2,460.31 2 0
github.com/andersfylling/disgord/resource/guild.go:464.2,466.32 2 0
github.com/andersfylling/disgord/resource/guild.go:470.2,470.19 1 0
github.com/andersfylling/disgord/resource/guild.go:432.28,435.3 2 0
github.com/andersfylling/disgord/resource/guild.go:438.29,441.3 2 0
github.com/andersfylling/disgord/resource/guild.go:447.36,450.3 2 0
github.com/andersfylling/disgord/resource/guild.go:454.30,457.3 2 0
github.com/andersfylling/disgord/resource/guild.go:460.31,463.3 2 0
github.com/andersfylling/disgord/resource/guild.go:466.32,469.3 2 0
github.com/andersfylling/disgord/resource/guild.go:474.35,520.2 36 0
github.com/andersfylling/disgord/resource/guild.go:556.39,567.2 4 0
github.com/andersfylling/disgord/resource/guild.go:569.50,570.58 1 0
github.com/andersfylling/disgord/resource/guild.go:575.2,575.14 1 0
github.com/andersfylling/disgord/resource/guild.go:580.2,590.8 10 0
github.com/andersfylling/disgord/resource/guild.go:570.58,573.3 2 0
github.com/andersfylling/disgord/resource/guild.go:575.14,578.3 2 0
github.com/andersfylling/disgord/resource/guild.go:606.22,608.2 1 0
github.com/andersfylling/disgord/resource/guild.go:610.33,612.2 1 0
github.com/andersfylling/disgord/resource/guild.go:614.25,616.2 0 0
github.com/andersfylling/disgord/resource/levels.go:7.55,9.2 1 0
github.com/andersfylling/disgord/resource/levels.go:10.66,12.2 1 0
github.com/andersfylling/disgord/resource/levels.go:13.57,15.2 1 0
github.com/andersfylling/disgord/resource/levels.go:21.33,23.2 1 0
github.com/andersfylling/disgord/resource/levels.go:24.37,26.2 1 0
github.com/andersfylling/disgord/resource/levels.go:33.40,35.2 1 0
github.com/andersfylling/disgord/resource/levels.go:38.39,40.2 1 0
github.com/andersfylling/disgord/resource/levels.go:43.42,45.2 1 0
github.com/andersfylling/disgord/resource/levels.go:48.40,50.2 1 0
github.com/andersfylling/disgord/resource/levels.go:53.44,55.2 1 0
github.com/andersfylling/disgord/resource/levels.go:61.63,63.2 1 0
github.com/andersfylling/disgord/resource/levels.go:64.64,66.2 1 0
github.com/andersfylling/disgord/resource/emoji.go:21.34,23.2 1 0
github.com/andersfylling/disgord/resource/emoji.go:27.42,29.16 2 0
github.com/andersfylling/disgord/resource/emoji.go:33.2,33.58 1 0
github.com/andersfylling/disgord/resource/emoji.go:29.16,31.3 1 0
github.com/andersfylling/disgord/resource/emoji.go:36.26,38.2 0 0
